2024-04-07T09:53:11.832Z [INFO] Sever running on port 5000
2024-04-07T09:53:25.949Z [INFO] Database ConnectedðŸŽ‰
2024-04-07T09:53:25.950Z [INFO] Skipping database synchronizationðŸŽƒ
2024-04-07T09:53:25.950Z [INFO] Get Ready, Get ReadyðŸ˜‚ðŸ˜‚ðŸ˜‚
2024-04-07T09:54:08.817Z [ERROR] relation "User" does not exist {"stack":"Error\n    at Query.run (C:\\Users\\Mukundi\\Desktop\\WORK\\kepha\\writing-back\\node_modules\\sequelize\\lib\\dialects\\postgres\\query.js:50:25)\n    at C:\\Users\\Mukundi\\Desktop\\WORK\\kepha\\writing-back\\node_modules\\sequelize\\lib\\sequelize.js:315:28\n    at process.processTicksAndRejections (node:internal/process/task_queues:95:5)\n    at async PostgresQueryInterface.insert (C:\\Users\\Mukundi\\Desktop\\WORK\\kepha\\writing-back\\node_modules\\sequelize\\lib\\dialects\\abstract\\query-interface.js:308:21)\n    at async model.save (C:\\Users\\Mukundi\\Desktop\\WORK\\kepha\\writing-back\\node_modules\\sequelize\\lib\\model.js:2490:35)\n    at async User.create (C:\\Users\\Mukundi\\Desktop\\WORK\\kepha\\writing-back\\node_modules\\sequelize\\lib\\model.js:1362:12)\n    at async exports.register (C:\\Users\\Mukundi\\Desktop\\WORK\\kepha\\writing-back\\controllers\\auth.js:11:18)"}
2024-04-07T09:54:08.821Z [ERROR] Error
    at Query.run (C:\Users\Mukundi\Desktop\WORK\kepha\writing-back\node_modules\sequelize\lib\dialects\postgres\query.js:50:25)
    at C:\Users\Mukundi\Desktop\WORK\kepha\writing-back\node_modules\sequelize\lib\sequelize.js:315:28
    at process.processTicksAndRejections (node:internal/process/task_queues:95:5)
    at async PostgresQueryInterface.insert (C:\Users\Mukundi\Desktop\WORK\kepha\writing-back\node_modules\sequelize\lib\dialects\abstract\query-interface.js:308:21)
    at async model.save (C:\Users\Mukundi\Desktop\WORK\kepha\writing-back\node_modules\sequelize\lib\model.js:2490:35)
    at async User.create (C:\Users\Mukundi\Desktop\WORK\kepha\writing-back\node_modules\sequelize\lib\model.js:1362:12)
    at async exports.register (C:\Users\Mukundi\Desktop\WORK\kepha\writing-back\controllers\auth.js:11:18) {"url":"/api/auth/register","method":"POST","headers":{"host":"localhost:5000","connection":"keep-alive","content-length":"130","sec-ch-ua":"\"Google Chrome\";v=\"123\", \"Not:A-Brand\";v=\"8\", \"Chromium\";v=\"123\"","accept":"application/json, text/plain, */*","content-type":"application/json","sec-ch-ua-mobile":"?0","user-agent":"Mozilla/5.0 (Windows NT 10.0; Win64; x64) AppleWebKit/537.36 (KHTML, like Gecko) Chrome/123.0.0.0 Safari/537.36","sec-ch-ua-platform":"\"Windows\"","origin":"http://localhost:3000","sec-fetch-site":"same-site","sec-fetch-mode":"cors","sec-fetch-dest":"empty","referer":"http://localhost:3000/","accept-encoding":"gzip, deflate, br, zstd","accept-language":"en-US,en;q=0.9,sw;q=0.8"}}
2024-04-07T09:54:08.822Z [ERROR] relation "User" does not exist {}
2024-04-07T09:54:08.825Z [INFO] POST /api/auth/register 500 10308ms
2024-04-07T09:54:39.458Z [INFO] Sever running on port 5000
2024-04-07T09:54:48.621Z [INFO] Database ConnectedðŸŽ‰
2024-04-07T09:55:03.718Z [INFO] Skipping database synchronizationðŸŽƒ
2024-04-07T09:55:03.718Z [INFO] Get Ready, Get ReadyðŸ˜‚ðŸ˜‚ðŸ˜‚
2024-04-07T09:55:23.760Z [INFO] Sever running on port 5000
2024-04-07T09:55:30.191Z [INFO] Database ConnectedðŸŽ‰
2024-04-07T09:56:11.155Z [INFO] Skipping database synchronizationðŸŽƒ
2024-04-07T09:56:11.156Z [INFO] Get Ready, Get ReadyðŸ˜‚ðŸ˜‚ðŸ˜‚
2024-04-07T09:56:17.071Z [INFO] POST /register 200 846ms
2024-04-07T09:56:20.237Z [INFO] GET /all 200 2802ms
2024-04-07T09:56:20.271Z [ERROR] next is not defined {"stack":"ReferenceError: next is not defined\n    at getAchievement (C:\\Users\\Mukundi\\Desktop\\WORK\\kepha\\writing-back\\queries\\achievement.js:13:7)\n    at process.processTicksAndRejections (node:internal/process/task_queues:95:5)\n    at async Promise.all (index 0)\n    at async exports.getOne (C:\\Users\\Mukundi\\Desktop\\WORK\\kepha\\writing-back\\controllers\\achievement.js:57:29)"}
2024-04-07T09:56:20.535Z [INFO] GET /all 200 3085ms
2024-04-07T09:56:20.569Z [INFO] GET /all 200 3129ms
2024-04-07T09:56:20.646Z [ERROR] ReferenceError: next is not defined
    at getAchievement (C:\Users\Mukundi\Desktop\WORK\kepha\writing-back\queries\achievement.js:13:7)
    at process.processTicksAndRejections (node:internal/process/task_queues:95:5)
    at async Promise.all (index 0)
    at async exports.getOne (C:\Users\Mukundi\Desktop\WORK\kepha\writing-back\controllers\achievement.js:57:29) {"url":"/api/achievements","method":"GET","headers":{"host":"localhost:5000","connection":"keep-alive","sec-ch-ua":"\"Google Chrome\";v=\"123\", \"Not:A-Brand\";v=\"8\", \"Chromium\";v=\"123\"","accept":"application/json, text/plain, */*","sec-ch-ua-mobile":"?0","user-agent":"Mozilla/5.0 (Windows NT 10.0; Win64; x64) AppleWebKit/537.36 (KHTML, like Gecko) Chrome/123.0.0.0 Safari/537.36","sec-ch-ua-platform":"\"Windows\"","origin":"http://localhost:3000","sec-fetch-site":"same-site","sec-fetch-mode":"cors","sec-fetch-dest":"empty","referer":"http://localhost:3000/","accept-encoding":"gzip, deflate, br, zstd","accept-language":"en-US,en;q=0.9,sw;q=0.8","if-none-match":"W/\"73-fNtlV5Bw+gL+K9RwkxFXekzqsNU\""}}
2024-04-07T09:56:20.647Z [ERROR] Reference error. Please check your code and try again. {"stack":"Error: Reference error. Please check your code and try again.\n    at errorHandler (C:\\Users\\Mukundi\\Desktop\\WORK\\kepha\\writing-back\\middleware\\error.js:95:13)\n    at Layer.handle_error (C:\\Users\\Mukundi\\Desktop\\WORK\\kepha\\writing-back\\node_modules\\express\\lib\\router\\layer.js:71:5)\n    at trim_prefix (C:\\Users\\Mukundi\\Desktop\\WORK\\kepha\\writing-back\\node_modules\\express\\lib\\router\\index.js:326:13)\n    at C:\\Users\\Mukundi\\Desktop\\WORK\\kepha\\writing-back\\node_modules\\express\\lib\\router\\index.js:286:9\n    at Function.process_params (C:\\Users\\Mukundi\\Desktop\\WORK\\kepha\\writing-back\\node_modules\\express\\lib\\router\\index.js:346:12)\n    at next (C:\\Users\\Mukundi\\Desktop\\WORK\\kepha\\writing-back\\node_modules\\express\\lib\\router\\index.js:280:10)\n    at errorLogger (C:\\Users\\Mukundi\\Desktop\\WORK\\kepha\\writing-back\\utils\\logger.js:49:5)\n    at Layer.handle_error (C:\\Users\\Mukundi\\Desktop\\WORK\\kepha\\writing-back\\node_modules\\express\\lib\\router\\layer.js:71:5)\n    at trim_prefix (C:\\Users\\Mukundi\\Desktop\\WORK\\kepha\\writing-back\\node_modules\\express\\lib\\router\\index.js:326:13)\n    at C:\\Users\\Mukundi\\Desktop\\WORK\\kepha\\writing-back\\node_modules\\express\\lib\\router\\index.js:286:9"}
2024-04-07T09:56:20.649Z [INFO] GET /api/achievements 500 3196ms
2024-04-07T09:56:21.276Z [INFO] GET /all 304 1036ms
2024-04-07T09:56:21.302Z [ERROR] next is not defined {"stack":"ReferenceError: next is not defined\n    at getAchievement (C:\\Users\\Mukundi\\Desktop\\WORK\\kepha\\writing-back\\queries\\achievement.js:13:7)\n    at process.processTicksAndRejections (node:internal/process/task_queues:95:5)\n    at async Promise.all (index 0)\n    at async exports.getOne (C:\\Users\\Mukundi\\Desktop\\WORK\\kepha\\writing-back\\controllers\\achievement.js:57:29)"}
2024-04-07T09:56:21.545Z [INFO] GET /all 304 974ms
2024-04-07T09:56:21.608Z [INFO] GET /all 304 1071ms
2024-04-07T09:56:21.697Z [ERROR] ReferenceError: next is not defined
    at getAchievement (C:\Users\Mukundi\Desktop\WORK\kepha\writing-back\queries\achievement.js:13:7)
    at process.processTicksAndRejections (node:internal/process/task_queues:95:5)
    at async Promise.all (index 0)
    at async exports.getOne (C:\Users\Mukundi\Desktop\WORK\kepha\writing-back\controllers\achievement.js:57:29) {"url":"/api/achievements","method":"GET","headers":{"host":"localhost:5000","connection":"keep-alive","sec-ch-ua":"\"Google Chrome\";v=\"123\", \"Not:A-Brand\";v=\"8\", \"Chromium\";v=\"123\"","accept":"application/json, text/plain, */*","sec-ch-ua-mobile":"?0","user-agent":"Mozilla/5.0 (Windows NT 10.0; Win64; x64) AppleWebKit/537.36 (KHTML, like Gecko) Chrome/123.0.0.0 Safari/537.36","sec-ch-ua-platform":"\"Windows\"","origin":"http://localhost:3000","sec-fetch-site":"same-site","sec-fetch-mode":"cors","sec-fetch-dest":"empty","referer":"http://localhost:3000/","accept-encoding":"gzip, deflate, br, zstd","accept-language":"en-US,en;q=0.9,sw;q=0.8"}}
2024-04-07T09:56:21.697Z [ERROR] Reference error. Please check your code and try again. {"stack":"Error: Reference error. Please check your code and try again.\n    at errorHandler (C:\\Users\\Mukundi\\Desktop\\WORK\\kepha\\writing-back\\middleware\\error.js:95:13)\n    at Layer.handle_error (C:\\Users\\Mukundi\\Desktop\\WORK\\kepha\\writing-back\\node_modules\\express\\lib\\router\\layer.js:71:5)\n    at trim_prefix (C:\\Users\\Mukundi\\Desktop\\WORK\\kepha\\writing-back\\node_modules\\express\\lib\\router\\index.js:326:13)\n    at C:\\Users\\Mukundi\\Desktop\\WORK\\kepha\\writing-back\\node_modules\\express\\lib\\router\\index.js:286:9\n    at Function.process_params (C:\\Users\\Mukundi\\Desktop\\WORK\\kepha\\writing-back\\node_modules\\express\\lib\\router\\index.js:346:12)\n    at next (C:\\Users\\Mukundi\\Desktop\\WORK\\kepha\\writing-back\\node_modules\\express\\lib\\router\\index.js:280:10)\n    at errorLogger (C:\\Users\\Mukundi\\Desktop\\WORK\\kepha\\writing-back\\utils\\logger.js:49:5)\n    at Layer.handle_error (C:\\Users\\Mukundi\\Desktop\\WORK\\kepha\\writing-back\\node_modules\\express\\lib\\router\\layer.js:71:5)\n    at trim_prefix (C:\\Users\\Mukundi\\Desktop\\WORK\\kepha\\writing-back\\node_modules\\express\\lib\\router\\index.js:326:13)\n    at C:\\Users\\Mukundi\\Desktop\\WORK\\kepha\\writing-back\\node_modules\\express\\lib\\router\\index.js:286:9"}
2024-04-07T09:56:21.698Z [INFO] GET /api/achievements 500 1048ms
2024-04-07T09:58:15.498Z [INFO] Sever running on port 5000
2024-04-07T09:58:20.482Z [INFO] Database ConnectedðŸŽ‰
2024-04-07T09:58:20.482Z [INFO] Skipping database synchronizationðŸŽƒ
2024-04-07T09:58:20.483Z [INFO] Get Ready, Get ReadyðŸ˜‚ðŸ˜‚ðŸ˜‚
2024-04-07T09:58:24.518Z [INFO] Sever running on port 5000
2024-04-07T09:58:30.114Z [INFO] Database ConnectedðŸŽ‰
2024-04-07T09:58:30.114Z [INFO] Skipping database synchronizationðŸŽƒ
2024-04-07T09:59:12.785Z [INFO] Get Ready, Get ReadyðŸ˜‚ðŸ˜‚ðŸ˜‚
2024-04-07T10:01:19.594Z [INFO] Sever running on port 5000
2024-04-07T10:01:25.968Z [INFO] Database ConnectedðŸŽ‰
2024-04-07T10:02:13.363Z [INFO] Get Ready, Get ReadyðŸ˜‚ðŸ˜‚ðŸ˜‚
2024-04-07T10:02:28.426Z [INFO] GET /all 304 3179ms
2024-04-07T10:02:28.780Z [INFO] GET /all 304 3530ms
2024-04-07T10:02:28.837Z [ERROR] next is not defined {"stack":"ReferenceError: next is not defined\n    at getAchievement (C:\\Users\\Mukundi\\Desktop\\WORK\\kepha\\writing-back\\queries\\achievement.js:13:7)\n    at process.processTicksAndRejections (node:internal/process/task_queues:95:5)\n    at async Promise.all (index 0)\n    at async exports.getOne (C:\\Users\\Mukundi\\Desktop\\WORK\\kepha\\writing-back\\controllers\\achievement.js:57:29)"}
2024-04-07T10:02:29.104Z [INFO] GET /all 304 3852ms
2024-04-07T10:02:29.183Z [ERROR] ReferenceError: next is not defined
    at getAchievement (C:\Users\Mukundi\Desktop\WORK\kepha\writing-back\queries\achievement.js:13:7)
    at process.processTicksAndRejections (node:internal/process/task_queues:95:5)
    at async Promise.all (index 0)
    at async exports.getOne (C:\Users\Mukundi\Desktop\WORK\kepha\writing-back\controllers\achievement.js:57:29) {"url":"/api/achievements","method":"GET","headers":{"host":"localhost:5000","connection":"keep-alive","sec-ch-ua":"\"Google Chrome\";v=\"123\", \"Not:A-Brand\";v=\"8\", \"Chromium\";v=\"123\"","accept":"application/json, text/plain, */*","sec-ch-ua-mobile":"?0","user-agent":"Mozilla/5.0 (Windows NT 10.0; Win64; x64) AppleWebKit/537.36 (KHTML, like Gecko) Chrome/123.0.0.0 Safari/537.36","sec-ch-ua-platform":"\"Windows\"","origin":"http://localhost:3000","sec-fetch-site":"same-site","sec-fetch-mode":"cors","sec-fetch-dest":"empty","referer":"http://localhost:3000/","accept-encoding":"gzip, deflate, br, zstd","accept-language":"en-US,en;q=0.9,sw;q=0.8"}}
2024-04-07T10:02:29.184Z [ERROR] Reference error. Please check your code and try again. {"stack":"Error: Reference error. Please check your code and try again.\n    at errorHandler (C:\\Users\\Mukundi\\Desktop\\WORK\\kepha\\writing-back\\middleware\\error.js:95:13)\n    at Layer.handle_error (C:\\Users\\Mukundi\\Desktop\\WORK\\kepha\\writing-back\\node_modules\\express\\lib\\router\\layer.js:71:5)\n    at trim_prefix (C:\\Users\\Mukundi\\Desktop\\WORK\\kepha\\writing-back\\node_modules\\express\\lib\\router\\index.js:326:13)\n    at C:\\Users\\Mukundi\\Desktop\\WORK\\kepha\\writing-back\\node_modules\\express\\lib\\router\\index.js:286:9\n    at Function.process_params (C:\\Users\\Mukundi\\Desktop\\WORK\\kepha\\writing-back\\node_modules\\express\\lib\\router\\index.js:346:12)\n    at next (C:\\Users\\Mukundi\\Desktop\\WORK\\kepha\\writing-back\\node_modules\\express\\lib\\router\\index.js:280:10)\n    at errorLogger (C:\\Users\\Mukundi\\Desktop\\WORK\\kepha\\writing-back\\utils\\logger.js:49:5)\n    at Layer.handle_error (C:\\Users\\Mukundi\\Desktop\\WORK\\kepha\\writing-back\\node_modules\\express\\lib\\router\\layer.js:71:5)\n    at trim_prefix (C:\\Users\\Mukundi\\Desktop\\WORK\\kepha\\writing-back\\node_modules\\express\\lib\\router\\index.js:326:13)\n    at C:\\Users\\Mukundi\\Desktop\\WORK\\kepha\\writing-back\\node_modules\\express\\lib\\router\\index.js:286:9"}
2024-04-07T10:02:29.185Z [INFO] GET /api/achievements 500 3930ms
2024-04-07T10:02:29.848Z [INFO] GET /all 304 1420ms
2024-04-07T10:02:30.085Z [ERROR] next is not defined {"stack":"ReferenceError: next is not defined\n    at getAchievement (C:\\Users\\Mukundi\\Desktop\\WORK\\kepha\\writing-back\\queries\\achievement.js:13:7)\n    at process.processTicksAndRejections (node:internal/process/task_queues:95:5)\n    at async Promise.all (index 0)\n    at async exports.getOne (C:\\Users\\Mukundi\\Desktop\\WORK\\kepha\\writing-back\\controllers\\achievement.js:57:29)"}
2024-04-07T10:02:30.089Z [INFO] GET /all 304 984ms
2024-04-07T10:02:30.280Z [INFO] GET /all 304 1496ms
2024-04-07T10:02:31.690Z [ERROR] ReferenceError: next is not defined
    at getAchievement (C:\Users\Mukundi\Desktop\WORK\kepha\writing-back\queries\achievement.js:13:7)
    at process.processTicksAndRejections (node:internal/process/task_queues:95:5)
    at async Promise.all (index 0)
    at async exports.getOne (C:\Users\Mukundi\Desktop\WORK\kepha\writing-back\controllers\achievement.js:57:29) {"url":"/api/achievements","method":"GET","headers":{"host":"localhost:5000","connection":"keep-alive","sec-ch-ua":"\"Google Chrome\";v=\"123\", \"Not:A-Brand\";v=\"8\", \"Chromium\";v=\"123\"","accept":"application/json, text/plain, */*","sec-ch-ua-mobile":"?0","user-agent":"Mozilla/5.0 (Windows NT 10.0; Win64; x64) AppleWebKit/537.36 (KHTML, like Gecko) Chrome/123.0.0.0 Safari/537.36","sec-ch-ua-platform":"\"Windows\"","origin":"http://localhost:3000","sec-fetch-site":"same-site","sec-fetch-mode":"cors","sec-fetch-dest":"empty","referer":"http://localhost:3000/","accept-encoding":"gzip, deflate, br, zstd","accept-language":"en-US,en;q=0.9,sw;q=0.8"}}
2024-04-07T10:02:31.691Z [ERROR] Reference error. Please check your code and try again. {"stack":"Error: Reference error. Please check your code and try again.\n    at errorHandler (C:\\Users\\Mukundi\\Desktop\\WORK\\kepha\\writing-back\\middleware\\error.js:95:13)\n    at Layer.handle_error (C:\\Users\\Mukundi\\Desktop\\WORK\\kepha\\writing-back\\node_modules\\express\\lib\\router\\layer.js:71:5)\n    at trim_prefix (C:\\Users\\Mukundi\\Desktop\\WORK\\kepha\\writing-back\\node_modules\\express\\lib\\router\\index.js:326:13)\n    at C:\\Users\\Mukundi\\Desktop\\WORK\\kepha\\writing-back\\node_modules\\express\\lib\\router\\index.js:286:9\n    at Function.process_params (C:\\Users\\Mukundi\\Desktop\\WORK\\kepha\\writing-back\\node_modules\\express\\lib\\router\\index.js:346:12)\n    at next (C:\\Users\\Mukundi\\Desktop\\WORK\\kepha\\writing-back\\node_modules\\express\\lib\\router\\index.js:280:10)\n    at errorLogger (C:\\Users\\Mukundi\\Desktop\\WORK\\kepha\\writing-back\\utils\\logger.js:49:5)\n    at Layer.handle_error (C:\\Users\\Mukundi\\Desktop\\WORK\\kepha\\writing-back\\node_modules\\express\\lib\\router\\layer.js:71:5)\n    at trim_prefix (C:\\Users\\Mukundi\\Desktop\\WORK\\kepha\\writing-back\\node_modules\\express\\lib\\router\\index.js:326:13)\n    at C:\\Users\\Mukundi\\Desktop\\WORK\\kepha\\writing-back\\node_modules\\express\\lib\\router\\index.js:286:9"}
2024-04-07T10:02:31.692Z [INFO] GET /api/achievements 500 2503ms
2024-04-07T10:03:44.793Z [ERROR] Validation error {"stack":"Error\n    at Query.run (C:\\Users\\Mukundi\\Desktop\\WORK\\kepha\\writing-back\\node_modules\\sequelize\\lib\\dialects\\postgres\\query.js:50:25)\n    at C:\\Users\\Mukundi\\Desktop\\WORK\\kepha\\writing-back\\node_modules\\sequelize\\lib\\sequelize.js:315:28\n    at async PostgresQueryInterface.insert (C:\\Users\\Mukundi\\Desktop\\WORK\\kepha\\writing-back\\node_modules\\sequelize\\lib\\dialects\\abstract\\query-interface.js:308:21)\n    at async model.save (C:\\Users\\Mukundi\\Desktop\\WORK\\kepha\\writing-back\\node_modules\\sequelize\\lib\\model.js:2490:35)\n    at async User.create (C:\\Users\\Mukundi\\Desktop\\WORK\\kepha\\writing-back\\node_modules\\sequelize\\lib\\model.js:1362:12)\n    at async exports.register (C:\\Users\\Mukundi\\Desktop\\WORK\\kepha\\writing-back\\controllers\\auth.js:11:18)"}
2024-04-07T10:03:44.794Z [ERROR] Error
    at Query.run (C:\Users\Mukundi\Desktop\WORK\kepha\writing-back\node_modules\sequelize\lib\dialects\postgres\query.js:50:25)
    at C:\Users\Mukundi\Desktop\WORK\kepha\writing-back\node_modules\sequelize\lib\sequelize.js:315:28
    at async PostgresQueryInterface.insert (C:\Users\Mukundi\Desktop\WORK\kepha\writing-back\node_modules\sequelize\lib\dialects\abstract\query-interface.js:308:21)
    at async model.save (C:\Users\Mukundi\Desktop\WORK\kepha\writing-back\node_modules\sequelize\lib\model.js:2490:35)
    at async User.create (C:\Users\Mukundi\Desktop\WORK\kepha\writing-back\node_modules\sequelize\lib\model.js:1362:12)
    at async exports.register (C:\Users\Mukundi\Desktop\WORK\kepha\writing-back\controllers\auth.js:11:18) {"url":"/api/auth/register","method":"POST","headers":{"host":"localhost:5000","connection":"keep-alive","content-length":"130","sec-ch-ua":"\"Google Chrome\";v=\"123\", \"Not:A-Brand\";v=\"8\", \"Chromium\";v=\"123\"","accept":"application/json, text/plain, */*","content-type":"application/json","sec-ch-ua-mobile":"?0","user-agent":"Mozilla/5.0 (Windows NT 10.0; Win64; x64) AppleWebKit/537.36 (KHTML, like Gecko) Chrome/123.0.0.0 Safari/537.36","sec-ch-ua-platform":"\"Windows\"","origin":"http://localhost:3000","sec-fetch-site":"same-site","sec-fetch-mode":"cors","sec-fetch-dest":"empty","referer":"http://localhost:3000/","accept-encoding":"gzip, deflate, br, zstd","accept-language":"en-US,en;q=0.9,sw;q=0.8"}}
2024-04-07T10:03:44.794Z [ERROR] Duplicate field value entered {"stack":"Error: Duplicate field value entered\n    at errorHandler (C:\\Users\\Mukundi\\Desktop\\WORK\\kepha\\writing-back\\middleware\\error.js:25:13)\n    at Layer.handle_error (C:\\Users\\Mukundi\\Desktop\\WORK\\kepha\\writing-back\\node_modules\\express\\lib\\router\\layer.js:71:5)\n    at trim_prefix (C:\\Users\\Mukundi\\Desktop\\WORK\\kepha\\writing-back\\node_modules\\express\\lib\\router\\index.js:326:13)\n    at C:\\Users\\Mukundi\\Desktop\\WORK\\kepha\\writing-back\\node_modules\\express\\lib\\router\\index.js:286:9\n    at Function.process_params (C:\\Users\\Mukundi\\Desktop\\WORK\\kepha\\writing-back\\node_modules\\express\\lib\\router\\index.js:346:12)\n    at next (C:\\Users\\Mukundi\\Desktop\\WORK\\kepha\\writing-back\\node_modules\\express\\lib\\router\\index.js:280:10)\n    at errorLogger (C:\\Users\\Mukundi\\Desktop\\WORK\\kepha\\writing-back\\utils\\logger.js:49:5)\n    at Layer.handle_error (C:\\Users\\Mukundi\\Desktop\\WORK\\kepha\\writing-back\\node_modules\\express\\lib\\router\\layer.js:71:5)\n    at trim_prefix (C:\\Users\\Mukundi\\Desktop\\WORK\\kepha\\writing-back\\node_modules\\express\\lib\\router\\index.js:326:13)\n    at C:\\Users\\Mukundi\\Desktop\\WORK\\kepha\\writing-back\\node_modules\\express\\lib\\router\\index.js:286:9"}
2024-04-07T10:03:44.795Z [INFO] POST /api/auth/register 400 438ms
2024-04-07T10:13:31.038Z [INFO] Sever running on port 5000
2024-04-07T10:13:38.408Z [INFO] Database ConnectedðŸŽ‰
2024-04-07T10:13:56.347Z [INFO] Get Ready, Get ReadyðŸ˜‚ðŸ˜‚ðŸ˜‚
2024-04-07T10:14:16.430Z [ERROR] next is not defined {"stack":"ReferenceError: next is not defined\n    at getAchievement (C:\\Users\\Mukundi\\Desktop\\WORK\\kepha\\writing-back\\queries\\achievement.js:13:7)\n    at process.processTicksAndRejections (node:internal/process/task_queues:95:5)\n    at async Promise.all (index 0)\n    at async exports.getOne (C:\\Users\\Mukundi\\Desktop\\WORK\\kepha\\writing-back\\controllers\\achievement.js:57:29)"}
2024-04-07T10:14:16.777Z [ERROR] ReferenceError: next is not defined
    at getAchievement (C:\Users\Mukundi\Desktop\WORK\kepha\writing-back\queries\achievement.js:13:7)
    at process.processTicksAndRejections (node:internal/process/task_queues:95:5)
    at async Promise.all (index 0)
    at async exports.getOne (C:\Users\Mukundi\Desktop\WORK\kepha\writing-back\controllers\achievement.js:57:29) {"url":"/api/achievements","method":"GET","headers":{"host":"localhost:5000","connection":"keep-alive","sec-ch-ua":"\"Google Chrome\";v=\"123\", \"Not:A-Brand\";v=\"8\", \"Chromium\";v=\"123\"","accept":"application/json, text/plain, */*","sec-ch-ua-mobile":"?0","user-agent":"Mozilla/5.0 (Windows NT 10.0; Win64; x64) AppleWebKit/537.36 (KHTML, like Gecko) Chrome/123.0.0.0 Safari/537.36","sec-ch-ua-platform":"\"Windows\"","origin":"http://localhost:3000","sec-fetch-site":"same-site","sec-fetch-mode":"cors","sec-fetch-dest":"empty","referer":"http://localhost:3000/","accept-encoding":"gzip, deflate, br, zstd","accept-language":"en-US,en;q=0.9,sw;q=0.8"}}
2024-04-07T10:14:16.778Z [ERROR] Reference error. Please check your code and try again. {"stack":"Error: Reference error. Please check your code and try again.\n    at errorHandler (C:\\Users\\Mukundi\\Desktop\\WORK\\kepha\\writing-back\\middleware\\error.js:95:13)\n    at Layer.handle_error (C:\\Users\\Mukundi\\Desktop\\WORK\\kepha\\writing-back\\node_modules\\express\\lib\\router\\layer.js:71:5)\n    at trim_prefix (C:\\Users\\Mukundi\\Desktop\\WORK\\kepha\\writing-back\\node_modules\\express\\lib\\router\\index.js:326:13)\n    at C:\\Users\\Mukundi\\Desktop\\WORK\\kepha\\writing-back\\node_modules\\express\\lib\\router\\index.js:286:9\n    at Function.process_params (C:\\Users\\Mukundi\\Desktop\\WORK\\kepha\\writing-back\\node_modules\\express\\lib\\router\\index.js:346:12)\n    at next (C:\\Users\\Mukundi\\Desktop\\WORK\\kepha\\writing-back\\node_modules\\express\\lib\\router\\index.js:280:10)\n    at errorLogger (C:\\Users\\Mukundi\\Desktop\\WORK\\kepha\\writing-back\\utils\\logger.js:49:5)\n    at Layer.handle_error (C:\\Users\\Mukundi\\Desktop\\WORK\\kepha\\writing-back\\node_modules\\express\\lib\\router\\layer.js:71:5)\n    at trim_prefix (C:\\Users\\Mukundi\\Desktop\\WORK\\kepha\\writing-back\\node_modules\\express\\lib\\router\\index.js:326:13)\n    at C:\\Users\\Mukundi\\Desktop\\WORK\\kepha\\writing-back\\node_modules\\express\\lib\\router\\index.js:286:9"}
2024-04-07T10:14:17.395Z [INFO] GET /all 200 2302ms
2024-04-07T10:14:17.441Z [ERROR] next is not defined {"stack":"ReferenceError: next is not defined\n    at getAchievement (C:\\Users\\Mukundi\\Desktop\\WORK\\kepha\\writing-back\\queries\\achievement.js:13:7)\n    at process.processTicksAndRejections (node:internal/process/task_queues:95:5)\n    at async Promise.all (index 0)\n    at async exports.getOne (C:\\Users\\Mukundi\\Desktop\\WORK\\kepha\\writing-back\\controllers\\achievement.js:57:29)"}
2024-04-07T10:14:17.458Z [INFO] GET /all 200 2357ms
2024-04-07T10:14:17.775Z [INFO] GET /all 200 2574ms
2024-04-07T10:14:17.788Z [ERROR] ReferenceError: next is not defined
    at getAchievement (C:\Users\Mukundi\Desktop\WORK\kepha\writing-back\queries\achievement.js:13:7)
    at process.processTicksAndRejections (node:internal/process/task_queues:95:5)
    at async Promise.all (index 0)
    at async exports.getOne (C:\Users\Mukundi\Desktop\WORK\kepha\writing-back\controllers\achievement.js:57:29) {"url":"/api/achievements","method":"GET","headers":{"host":"localhost:5000","connection":"keep-alive","sec-ch-ua":"\"Google Chrome\";v=\"123\", \"Not:A-Brand\";v=\"8\", \"Chromium\";v=\"123\"","accept":"application/json, text/plain, */*","sec-ch-ua-mobile":"?0","user-agent":"Mozilla/5.0 (Windows NT 10.0; Win64; x64) AppleWebKit/537.36 (KHTML, like Gecko) Chrome/123.0.0.0 Safari/537.36","sec-ch-ua-platform":"\"Windows\"","origin":"http://localhost:3000","sec-fetch-site":"same-site","sec-fetch-mode":"cors","sec-fetch-dest":"empty","referer":"http://localhost:3000/","accept-encoding":"gzip, deflate, br, zstd","accept-language":"en-US,en;q=0.9,sw;q=0.8"}}
2024-04-07T10:14:17.789Z [ERROR] Reference error. Please check your code and try again. {"stack":"Error: Reference error. Please check your code and try again.\n    at errorHandler (C:\\Users\\Mukundi\\Desktop\\WORK\\kepha\\writing-back\\middleware\\error.js:95:13)\n    at Layer.handle_error (C:\\Users\\Mukundi\\Desktop\\WORK\\kepha\\writing-back\\node_modules\\express\\lib\\router\\layer.js:71:5)\n    at trim_prefix (C:\\Users\\Mukundi\\Desktop\\WORK\\kepha\\writing-back\\node_modules\\express\\lib\\router\\index.js:326:13)\n    at C:\\Users\\Mukundi\\Desktop\\WORK\\kepha\\writing-back\\node_modules\\express\\lib\\router\\index.js:286:9\n    at Function.process_params (C:\\Users\\Mukundi\\Desktop\\WORK\\kepha\\writing-back\\node_modules\\express\\lib\\router\\index.js:346:12)\n    at next (C:\\Users\\Mukundi\\Desktop\\WORK\\kepha\\writing-back\\node_modules\\express\\lib\\router\\index.js:280:10)\n    at errorLogger (C:\\Users\\Mukundi\\Desktop\\WORK\\kepha\\writing-back\\utils\\logger.js:49:5)\n    at Layer.handle_error (C:\\Users\\Mukundi\\Desktop\\WORK\\kepha\\writing-back\\node_modules\\express\\lib\\router\\layer.js:71:5)\n    at trim_prefix (C:\\Users\\Mukundi\\Desktop\\WORK\\kepha\\writing-back\\node_modules\\express\\lib\\router\\index.js:326:13)\n    at C:\\Users\\Mukundi\\Desktop\\WORK\\kepha\\writing-back\\node_modules\\express\\lib\\router\\index.js:286:9"}
2024-04-07T10:14:17.790Z [INFO] GET /api/achievements 500 2588ms
2024-04-07T10:14:18.367Z [INFO] GET /all 304 970ms
2024-04-07T10:14:18.475Z [INFO] GET /all 304 1015ms
2024-04-07T10:14:18.518Z [ERROR] next is not defined {"stack":"ReferenceError: next is not defined\n    at getAchievement (C:\\Users\\Mukundi\\Desktop\\WORK\\kepha\\writing-back\\queries\\achievement.js:13:7)\n    at process.processTicksAndRejections (node:internal/process/task_queues:95:5)\n    at async Promise.all (index 0)\n    at async exports.getOne (C:\\Users\\Mukundi\\Desktop\\WORK\\kepha\\writing-back\\controllers\\achievement.js:57:29)"}
2024-04-07T10:14:18.802Z [INFO] GET /all 304 1026ms
2024-04-07T10:14:18.869Z [ERROR] ReferenceError: next is not defined
    at getAchievement (C:\Users\Mukundi\Desktop\WORK\kepha\writing-back\queries\achievement.js:13:7)
    at process.processTicksAndRejections (node:internal/process/task_queues:95:5)
    at async Promise.all (index 0)
    at async exports.getOne (C:\Users\Mukundi\Desktop\WORK\kepha\writing-back\controllers\achievement.js:57:29) {"url":"/api/achievements","method":"GET","headers":{"host":"localhost:5000","connection":"keep-alive","sec-ch-ua":"\"Google Chrome\";v=\"123\", \"Not:A-Brand\";v=\"8\", \"Chromium\";v=\"123\"","accept":"application/json, text/plain, */*","sec-ch-ua-mobile":"?0","user-agent":"Mozilla/5.0 (Windows NT 10.0; Win64; x64) AppleWebKit/537.36 (KHTML, like Gecko) Chrome/123.0.0.0 Safari/537.36","sec-ch-ua-platform":"\"Windows\"","origin":"http://localhost:3000","sec-fetch-site":"same-site","sec-fetch-mode":"cors","sec-fetch-dest":"empty","referer":"http://localhost:3000/","accept-encoding":"gzip, deflate, br, zstd","accept-language":"en-US,en;q=0.9,sw;q=0.8"}}
2024-04-07T10:14:18.870Z [ERROR] Reference error. Please check your code and try again. {"stack":"Error: Reference error. Please check your code and try again.\n    at errorHandler (C:\\Users\\Mukundi\\Desktop\\WORK\\kepha\\writing-back\\middleware\\error.js:95:13)\n    at Layer.handle_error (C:\\Users\\Mukundi\\Desktop\\WORK\\kepha\\writing-back\\node_modules\\express\\lib\\router\\layer.js:71:5)\n    at trim_prefix (C:\\Users\\Mukundi\\Desktop\\WORK\\kepha\\writing-back\\node_modules\\express\\lib\\router\\index.js:326:13)\n    at C:\\Users\\Mukundi\\Desktop\\WORK\\kepha\\writing-back\\node_modules\\express\\lib\\router\\index.js:286:9\n    at Function.process_params (C:\\Users\\Mukundi\\Desktop\\WORK\\kepha\\writing-back\\node_modules\\express\\lib\\router\\index.js:346:12)\n    at next (C:\\Users\\Mukundi\\Desktop\\WORK\\kepha\\writing-back\\node_modules\\express\\lib\\router\\index.js:280:10)\n    at errorLogger (C:\\Users\\Mukundi\\Desktop\\WORK\\kepha\\writing-back\\utils\\logger.js:49:5)\n    at Layer.handle_error (C:\\Users\\Mukundi\\Desktop\\WORK\\kepha\\writing-back\\node_modules\\express\\lib\\router\\layer.js:71:5)\n    at trim_prefix (C:\\Users\\Mukundi\\Desktop\\WORK\\kepha\\writing-back\\node_modules\\express\\lib\\router\\index.js:326:13)\n    at C:\\Users\\Mukundi\\Desktop\\WORK\\kepha\\writing-back\\node_modules\\express\\lib\\router\\index.js:286:9"}
2024-04-07T10:14:18.871Z [INFO] GET /api/achievements 500 1080ms
2024-04-07T10:15:00.739Z [INFO] Sever running on port 5000
2024-04-07T10:15:06.753Z [INFO] Database ConnectedðŸŽ‰
2024-04-07T10:15:12.417Z [INFO] GET /all 304 8889ms
2024-04-07T10:15:12.625Z [ERROR] next is not defined {"stack":"ReferenceError: next is not defined\n    at getAchievement (C:\\Users\\Mukundi\\Desktop\\WORK\\kepha\\writing-back\\queries\\achievement.js:13:7)\n    at process.processTicksAndRejections (node:internal/process/task_queues:95:5)\n    at async Promise.all (index 0)\n    at async exports.getOne (C:\\Users\\Mukundi\\Desktop\\WORK\\kepha\\writing-back\\controllers\\achievement.js:57:29)"}
2024-04-07T10:15:12.649Z [INFO] GET /all 304 9111ms
2024-04-07T10:15:12.942Z [INFO] GET /all 304 9399ms
2024-04-07T10:15:12.972Z [ERROR] ReferenceError: next is not defined
    at getAchievement (C:\Users\Mukundi\Desktop\WORK\kepha\writing-back\queries\achievement.js:13:7)
    at process.processTicksAndRejections (node:internal/process/task_queues:95:5)
    at async Promise.all (index 0)
    at async exports.getOne (C:\Users\Mukundi\Desktop\WORK\kepha\writing-back\controllers\achievement.js:57:29) {"url":"/api/achievements","method":"GET","headers":{"host":"localhost:5000","connection":"keep-alive","sec-ch-ua":"\"Google Chrome\";v=\"123\", \"Not:A-Brand\";v=\"8\", \"Chromium\";v=\"123\"","accept":"application/json, text/plain, */*","sec-ch-ua-mobile":"?0","user-agent":"Mozilla/5.0 (Windows NT 10.0; Win64; x64) AppleWebKit/537.36 (KHTML, like Gecko) Chrome/123.0.0.0 Safari/537.36","sec-ch-ua-platform":"\"Windows\"","origin":"http://localhost:3000","sec-fetch-site":"same-site","sec-fetch-mode":"cors","sec-fetch-dest":"empty","referer":"http://localhost:3000/","accept-encoding":"gzip, deflate, br, zstd","accept-language":"en-US,en;q=0.9,sw;q=0.8"}}
2024-04-07T10:15:12.973Z [ERROR] next is not defined {}
2024-04-07T10:15:12.975Z [INFO] GET /api/achievements 500 9431ms
2024-04-07T10:15:13.400Z [INFO] GET /all 304 981ms
2024-04-07T10:15:13.574Z [INFO] GET /all 304 923ms
2024-04-07T10:15:13.666Z [ERROR] next is not defined {"stack":"ReferenceError: next is not defined\n    at getAchievement (C:\\Users\\Mukundi\\Desktop\\WORK\\kepha\\writing-back\\queries\\achievement.js:13:7)\n    at process.processTicksAndRejections (node:internal/process/task_queues:95:5)\n    at async Promise.all (index 0)\n    at async exports.getOne (C:\\Users\\Mukundi\\Desktop\\WORK\\kepha\\writing-back\\controllers\\achievement.js:57:29)"}
2024-04-07T10:15:14.013Z [ERROR] ReferenceError: next is not defined
    at getAchievement (C:\Users\Mukundi\Desktop\WORK\kepha\writing-back\queries\achievement.js:13:7)
    at process.processTicksAndRejections (node:internal/process/task_queues:95:5)
    at async Promise.all (index 0)
    at async exports.getOne (C:\Users\Mukundi\Desktop\WORK\kepha\writing-back\controllers\achievement.js:57:29) {"url":"/api/achievements","method":"GET","headers":{"host":"localhost:5000","connection":"keep-alive","sec-ch-ua":"\"Google Chrome\";v=\"123\", \"Not:A-Brand\";v=\"8\", \"Chromium\";v=\"123\"","accept":"application/json, text/plain, */*","sec-ch-ua-mobile":"?0","user-agent":"Mozilla/5.0 (Windows NT 10.0; Win64; x64) AppleWebKit/537.36 (KHTML, like Gecko) Chrome/123.0.0.0 Safari/537.36","sec-ch-ua-platform":"\"Windows\"","origin":"http://localhost:3000","sec-fetch-site":"same-site","sec-fetch-mode":"cors","sec-fetch-dest":"empty","referer":"http://localhost:3000/","accept-encoding":"gzip, deflate, br, zstd","accept-language":"en-US,en;q=0.9,sw;q=0.8"}}
2024-04-07T10:15:14.014Z [ERROR] next is not defined {}
2024-04-07T10:15:14.015Z [INFO] GET /api/achievements 500 1037ms
2024-04-07T10:15:14.628Z [INFO] GET /all 304 1684ms
